17:53:56.203 Config: {
	"UseFrontend": false,
	"UseMatchmaker": false,
	"UseHTTPS": true,
	"HTTPSCertFile": "./certificates/client-cert.pem",
	"HTTPSKeyFile": "./certificates/client-key.pem",
	"LogToFile": true,
	"LogVerbose": true,
	"HomepageFile": "public_html/player.html",
	"AdditionalRoutes": {
		"/": "public_html"
	},
	"EnableWebserver": true,
	"MatchmakerAddress": "",
	"MatchmakerPort": 9999,
	"PublicIp": "fl.ngrok.app",
	"HttpPort": 80,
	"HttpsPort": 443,
	"StreamerPort": 8888,
	"SFUPort": 8889,
	"MaxPlayerCount": -1,
	"DisableSSLCert": true,
	"peerConnectionOptions": "{\"iceServers\":[{\"urls\":[\"stun:stun.l.google.com:19302\"]},{\"urls\":[\"turn:openrelay.metered.ca:80\",\"turn:openrelay.metered.ca:443\"],\"username\":\"openrelayproject\",\"credential\":\"openrelaypass\"}]}"
}
17:53:56.248 peerConnectionOptions = {"iceServers":[{"urls":["stun:stun.l.google.com:19302"]},{"urls":["turn:openrelay.metered.ca:80","turn:openrelay.metered.ca:443"],"username":"openrelayproject","credential":"openrelaypass"}]}
17:53:56.249 Redirecting http->https
17:53:56.252 Adding additional routes "/" -> "public_html"
17:53:56.254 Running Cirrus - The Pixel Streaming reference implementation signalling server for Unreal Engine 5.3.
17:53:56.264 WebSocket listening for Streamer connections on :8888
17:53:56.265 WebSocket listening for SFU connections on :8889
17:53:56.266 WebSocket listening for Players connections on :80
17:53:56.267 Http listening on *: 80
17:53:56.267 Https listening on *: 443
