18:34:36.219 Config: {
	"UseFrontend": true,
	"UseMatchmaker": false,
	"UseHTTPS": false,
	"HTTPSCertFile": "./certificates/client-cert.pem",
	"HTTPSKeyFile": "./certificates/client-key.pem",
	"LogToFile": true,
	"LogVerbose": true,
	"HomepageFile": "player.html",
	"AdditionalRoutes": {},
	"EnableWebserver": true,
	"MatchmakerAddress": "",
	"MatchmakerPort": 9999,
	"PublicIp": "127.0.0.1",
	"HttpPort": 80,
	"HttpsPort": 443,
	"StreamerPort": 8888,
	"SFUPort": 8889,
	"MaxPlayerCount": -1,
	"DisableSSLCert": true
}
18:34:36.243 No peerConnectionConfig
18:34:36.285 Running Cirrus - The Pixel Streaming reference implementation signalling server for Unreal Engine 5.3.
18:34:36.293 WebSocket listening for Streamer connections on :8888
18:34:36.294 WebSocket listening for SFU connections on :8889
18:34:36.294 WebSocket listening for Players connections on :80
18:34:36.296 Http listening on *: 80
18:34:36.298 Frontend server not running, unable to setup game session
