14:26:52.264 Config: {
	"UseFrontend": true,
	"UseMatchmaker": false,
	"UseHTTPS": false,
	"HTTPSCertFile": "./certificates/client-cert.pem",
	"HTTPSKeyFile": "./certificates/client-key.pem",
	"LogToFile": true,
	"LogVerbose": true,
	"HomepageFile": "player.html",
	"AdditionalRoutes": {},
	"EnableWebserver": true,
	"MatchmakerAddress": "",
	"MatchmakerPort": 9999,
	"PublicIp": "127.0.0.1",
	"HttpPort": 80,
	"HttpsPort": 443,
	"StreamerPort": 8888,
	"SFUPort": 8889,
	"MaxPlayerCount": -1,
	"DisableSSLCert": true
}
14:26:52.289 No peerConnectionConfig
14:26:52.322 Running Cirrus - The Pixel Streaming reference implementation signalling server for Unreal Engine 5.3.
14:26:52.330 WebSocket listening for Streamer connections on :8888
14:26:52.330 WebSocket listening for SFU connections on :8889
14:26:52.331 WebSocket listening for Players connections on :80
14:26:52.332 Http listening on *: 80
14:26:52.334 Frontend server not running, unable to setup game session
14:26:53.375 player 1 (::ffff:127.0.0.1) connected
14:26:53.376 [37m1 <-[32m "{\"type\":\"config\",\"peerConnectionOptions\":{}}"
14:26:53.376 [37m[players] <-[32m {"type":"playerCount","count":1}
14:26:53.377 [37m1 ->[34m {"type":"listStreamers"}
14:26:53.377 [37m1 <-[32m {"type":"streamerList","ids":[]}
14:26:53.378 Frontend server not running, unable to setup game session
14:26:53.392 player 1 connection closed: 1005 - 
14:26:53.392 [37m[players] <-[32m {"type":"playerCount","count":0}
14:26:53.393 Frontend server not running, unable to setup game session
