20:26:06.610 Config: {
	"UseFrontend": false,
	"UseMatchmaker": false,
	"UseHTTPS": true,
	"HTTPSCertFile": "./certificates/client-cert.pem",
	"HTTPSKeyFile": "./certificates/client-key.pem",
	"LogToFile": true,
	"LogVerbose": true,
	"HomepageFile": "player.html",
	"AdditionalRoutes": {},
	"EnableWebserver": true,
	"MatchmakerAddress": "",
	"MatchmakerPort": 9999,
	"PublicIp": "fl.ngrok.app",
	"HttpPort": 80,
	"HttpsPort": 443,
	"StreamerPort": 8888,
	"SFUPort": 8889,
	"MaxPlayerCount": -1,
	"DisableSSLCert": true,
	"peerConnectionOptions": "{\"iceServers\":[{\"urls\":[\"stun:stun.l.google.com:19302\"]}]}"
}
20:26:06.664 peerConnectionOptions = {"iceServers":[{"urls":["stun:stun.l.google.com:19302"]}]}
20:26:06.666 Redirecting http->https
20:26:06.670 Running Cirrus - The Pixel Streaming reference implementation signalling server for Unreal Engine 5.3.
20:26:06.677 WebSocket listening for Streamer connections on :8888
20:26:06.678 WebSocket listening for SFU connections on :8889
20:26:06.678 WebSocket listening for Players connections on :80
20:26:06.679 Http listening on *: 80
20:26:06.679 Https listening on *: 443
