12:12:01.542 Config: {
	"UseFrontend": true,
	"UseMatchmaker": false,
	"UseHTTPS": false,
	"HTTPSCertFile": "./certificates/client-cert.pem",
	"HTTPSKeyFile": "./certificates/client-key.pem",
	"LogToFile": true,
	"LogVerbose": true,
	"HomepageFile": "player.html",
	"AdditionalRoutes": {},
	"EnableWebserver": true,
	"MatchmakerAddress": "",
	"MatchmakerPort": 9999,
	"PublicIp": " 0.0.0.0",
	"HttpPort": 80,
	"HttpsPort": 443,
	"StreamerPort": 8888,
	"SFUPort": 8889,
	"MaxPlayerCount": -1,
	"DisableSSLCert": true
}
12:12:01.653 No peerConnectionConfig
12:12:01.780 Running Cirrus - The Pixel Streaming reference implementation signalling server for Unreal Engine 5.3.
12:12:01.802 WebSocket listening for Streamer connections on :8888
12:12:01.806 WebSocket listening for SFU connections on :8889
12:12:01.810 WebSocket listening for Players connections on :80
12:12:01.821 Http listening on *: 80
12:12:01.829 Frontend server not running, unable to setup game session
