20:43:11.437 Config: {
	"UseFrontend": true,
	"UseMatchmaker": false,
	"UseHTTPS": false,
	"HTTPSCertFile": "./certificates/client-cert.pem",
	"HTTPSKeyFile": "./certificates/client-key.pem",
	"LogToFile": true,
	"LogVerbose": true,
	"HomepageFile": "player.html",
	"AdditionalRoutes": {},
	"EnableWebserver": true,
	"MatchmakerAddress": "",
	"MatchmakerPort": 9999,
	"PublicIp": "https://5c28-217-164-166-139.ngrok-free.app/",
	"HttpPort": 80,
	"HttpsPort": 443,
	"StreamerPort": 8888,
	"SFUPort": 8889,
	"MaxPlayerCount": -1,
	"DisableSSLCert": true
}
20:43:11.532 No peerConnectionConfig
20:43:11.681 Running Cirrus - The Pixel Streaming reference implementation signalling server for Unreal Engine 5.3.
20:43:11.701 WebSocket listening for Streamer connections on :8888
20:43:11.708 WebSocket listening for SFU connections on :8889
20:43:11.710 WebSocket listening for Players connections on :80
20:43:11.715 Http listening on *: 80
20:43:11.725 Frontend server not running, unable to setup game session
