20:35:59.316 Config: {
	"UseFrontend": false,
	"UseMatchmaker": false,
	"UseHTTPS": true,
	"HTTPSCertFile": "./certificates/client-cert.pem",
	"HTTPSKeyFile": "./certificates/client-key.pem",
	"LogToFile": true,
	"LogVerbose": true,
	"HomepageFile": "player.html",
	"AdditionalRoutes": {},
	"EnableWebserver": true,
	"MatchmakerAddress": "",
	"MatchmakerPort": 9999,
	"PublicIp": "fl.ngrok.app",
	"HttpPort": 80,
	"HttpsPort": 443,
	"StreamerPort": 8888,
	"SFUPort": 8889,
	"MaxPlayerCount": -1,
	"DisableSSLCert": true,
	"peerConnectionOptions": "{\"iceServers\":[{\"urls\":[\"stun:stun.l.google.com:19302\"]},{\"urls\":[\"turn:openrelay.metered.ca:80\",\"turn:openrelay.metered.ca:443\"],\"username\":\"openrelayproject\",\"credential\":\"openrelaypass\"}]}"
}
20:35:59.365 peerConnectionOptions = {"iceServers":[{"urls":["stun:stun.l.google.com:19302"]},{"urls":["turn:openrelay.metered.ca:80","turn:openrelay.metered.ca:443"],"username":"openrelayproject","credential":"openrelaypass"}]}
20:35:59.366 Redirecting http->https
20:35:59.371 Running Cirrus - The Pixel Streaming reference implementation signalling server for Unreal Engine 5.3.
20:35:59.380 WebSocket listening for Streamer connections on :8888
20:35:59.381 WebSocket listening for SFU connections on :8889
20:35:59.382 WebSocket listening for Players connections on :80
20:35:59.382 Http listening on *: 80
20:35:59.383 Https listening on *: 443
