18:49:15.875 Config: {
	"UseFrontend": true,
	"UseMatchmaker": false,
	"UseHTTPS": false,
	"HTTPSCertFile": "./certificates/client-cert.pem",
	"HTTPSKeyFile": "./certificates/client-key.pem",
	"LogToFile": true,
	"LogVerbose": true,
	"HomepageFile": "player.html",
	"AdditionalRoutes": {},
	"EnableWebserver": true,
	"MatchmakerAddress": "",
	"MatchmakerPort": 9999,
	"PublicIp": "0.0.0.0",
	"HttpPort": 80,
	"HttpsPort": 443,
	"StreamerPort": 8888,
	"SFUPort": 8889,
	"MaxPlayerCount": -1,
	"DisableSSLCert": true
}
18:49:15.903 No peerConnectionConfig
18:49:15.936 Running Cirrus - The Pixel Streaming reference implementation signalling server for Unreal Engine 5.3.
18:49:15.943 WebSocket listening for Streamer connections on :8888
18:49:15.944 WebSocket listening for SFU connections on :8889
18:49:15.944 WebSocket listening for Players connections on :80
18:49:15.945 Http listening on *: 80
18:49:15.947 Frontend server not running, unable to setup game session
