02:35:00.781 Config: {
	"UseFrontend": true,
	"UseMatchmaker": false,
	"UseHTTPS": false,
	"HTTPSCertFile": "./certificates/client-cert.pem",
	"HTTPSKeyFile": "./certificates/client-key.pem",
	"LogToFile": true,
	"LogVerbose": true,
	"HomepageFile": "player.html",
	"AdditionalRoutes": {},
	"EnableWebserver": true,
	"MatchmakerAddress": "",
	"MatchmakerPort": 9999,
	"PublicIp": "192.168.10.100",
	"HttpPort": 80,
	"HttpsPort": 443,
	"StreamerPort": 8888,
	"SFUPort": 8889,
	"MaxPlayerCount": -1,
	"DisableSSLCert": true
}
02:35:00.848 No peerConnectionConfig
02:35:00.991 Running Cirrus - The Pixel Streaming reference implementation signalling server for Unreal Engine 5.3.
02:35:01.028 WebSocket listening for Streamer connections on :8888
02:35:01.033 WebSocket listening for SFU connections on :8889
02:35:01.035 WebSocket listening for Players connections on :80
02:35:01.046 Http listening on *: 80
02:35:01.090 Frontend server not running, unable to setup game session
