16:07:33.623 Config: {
	"UseFrontend": false,
	"UseMatchmaker": false,
	"UseHTTPS": true,
	"HTTPSCertFile": "./certificates/client-cert.pem",
	"HTTPSKeyFile": "./certificates/client-key.pem",
	"LogToFile": true,
	"LogVerbose": true,
	"HomepageFile": "public_html/player.html",
	"AdditionalRoutes": {
		"/": "public_html"
	},
	"EnableWebserver": true,
	"MatchmakerAddress": "",
	"MatchmakerPort": 9999,
	"PublicIp": "fl.ngrok.app",
	"HttpPort": 80,
	"HttpsPort": 443,
	"StreamerPort": 8888,
	"SFUPort": 8889,
	"MaxPlayerCount": -1,
	"DisableSSLCert": true,
	"peerConnectionOptions": "{\"iceServers\":[{\"urls\":[\"stun:stun.l.google.com:19302\"]},{\"urls\":[\"turn:openrelay.metered.ca:80\",\"turn:openrelay.metered.ca:443\"],\"username\":\"openrelayproject\",\"credential\":\"openrelaypass\"}]}"
}
16:07:33.668 peerConnectionOptions = {"iceServers":[{"urls":["stun:stun.l.google.com:19302"]},{"urls":["turn:openrelay.metered.ca:80","turn:openrelay.metered.ca:443"],"username":"openrelayproject","credential":"openrelaypass"}]}
16:07:33.669 Redirecting http->https
16:07:33.670 Adding additional routes "/" -> "public_html"
16:07:33.672 Running Cirrus - The Pixel Streaming reference implementation signalling server for Unreal Engine 5.3.
16:07:33.681 WebSocket listening for Streamer connections on :8888
16:07:33.682 WebSocket listening for SFU connections on :8889
16:07:33.683 WebSocket listening for Players connections on :80
16:07:33.684 Http listening on *: 80
16:07:33.684 Https listening on *: 443
