22:42:00.207 Config: {
	"UseFrontend": true,
	"UseMatchmaker": false,
	"UseHTTPS": false,
	"HTTPSCertFile": "./certificates/client-cert.pem",
	"HTTPSKeyFile": "./certificates/client-key.pem",
	"LogToFile": true,
	"LogVerbose": true,
	"HomepageFile": "player.html",
	"AdditionalRoutes": {},
	"EnableWebserver": true,
	"MatchmakerAddress": "",
	"MatchmakerPort": 9999,
	"PublicIp": "127.0.0.1",
	"HttpPort": 80,
	"HttpsPort": 443,
	"StreamerPort": 8888,
	"SFUPort": 8889,
	"MaxPlayerCount": -1,
	"DisableSSLCert": true
}
22:42:00.235 No peerConnectionConfig
22:42:00.278 Running Cirrus - The Pixel Streaming reference implementation signalling server for Unreal Engine 5.3.
22:42:00.288 WebSocket listening for Streamer connections on :8888
22:42:00.289 WebSocket listening for SFU connections on :8889
22:42:00.290 WebSocket listening for Players connections on :80
22:42:00.291 Http listening on *: 80
22:42:00.294 Frontend server not running, unable to setup game session
