01:20:23.840 Config: {
	"UseFrontend": true,
	"UseMatchmaker": false,
	"UseHTTPS": false,
	"HTTPSCertFile": "./certificates/client-cert.pem",
	"HTTPSKeyFile": "./certificates/client-key.pem",
	"LogToFile": true,
	"LogVerbose": true,
	"HomepageFile": "player.html",
	"AdditionalRoutes": {},
	"EnableWebserver": true,
	"MatchmakerAddress": "",
	"MatchmakerPort": 9999,
	"PublicIp": "127.0.0.1",
	"HttpPort": 80,
	"HttpsPort": 443,
	"StreamerPort": 8888,
	"SFUPort": 8889,
	"MaxPlayerCount": -1,
	"DisableSSLCert": true
}
01:20:23.940 No peerConnectionConfig
01:20:24.069 Running Cirrus - The Pixel Streaming reference implementation signalling server for Unreal Engine 5.3.
01:20:24.092 WebSocket listening for Streamer connections on :8888
01:20:24.097 WebSocket listening for SFU connections on :8889
01:20:24.098 WebSocket listening for Players connections on :80
01:20:24.101 Http listening on *: 80
01:20:24.112 Frontend server not running, unable to setup game session
01:20:25.786 Streamer connected: ::1
01:20:25.788 [37m::1 <-[32m "{\"type\":\"config\",\"peerConnectionOptions\":{}}"
01:20:25.789 [37m::1 <-[32m {"type":"identify"}
01:20:25.911 [37m::1 ->[34m {"type":"endpointId","id":"DefaultStreamer"}
01:20:25.913 Registered new streamer: DefaultStreamer
01:20:39.835 Streamer connected: ::ffff:127.0.0.1
01:20:39.840 [37m::ffff:127.0.0.1 <-[32m "{\"type\":\"config\",\"peerConnectionOptions\":{}}"
01:20:39.842 [37m::ffff:127.0.0.1 <-[32m {"type":"identify"}
01:20:44.851 Registered new streamer: __LEGACY_STREAMER__0
01:21:25.847 [37mDefaultStreamer ->[34m {"type":"ping","time":1737148885}
01:21:53.409 streamer __LEGACY_STREAMER__0 disconnected: 1001 - 
01:21:53.456 unsubscribing all players on __LEGACY_STREAMER__0
01:22:25.920 [37mDefaultStreamer ->[34m {"type":"ping","time":1737148945}
01:23:25.852 [37mDefaultStreamer ->[34m {"type":"ping","time":1737149005}
01:24:25.952 [37mDefaultStreamer ->[34m {"type":"ping","time":1737149065}
01:25:25.881 [37mDefaultStreamer ->[34m {"type":"ping","time":1737149125}
