17:14:16.446 Config: {
	"UseFrontend": false,
	"UseMatchmaker": false,
	"UseHTTPS": true,
	"HTTPSCertFile": "./certificates/client-cert.pem",
	"HTTPSKeyFile": "./certificates/client-key.pem",
	"LogToFile": true,
	"LogVerbose": true,
	"HomepageFile": "public_html/player.html",
	"AdditionalRoutes": {
		"/": "public_html"
	},
	"EnableWebserver": true,
	"MatchmakerAddress": "",
	"MatchmakerPort": 9999,
	"PublicIp": "0.0.0.0",
	"HttpPort": 10000,
	"HttpsPort": 443,
	"StreamerPort": 8888,
	"SFUPort": 8889,
	"MaxPlayerCount": -1,
	"DisableSSLCert": true,
	"peerConnectionOptions": "{\"iceServers\":[{\"urls\":[\"stun:stun.l.google.com:19302\"]},{\"urls\":[\"turn:openrelay.metered.ca:80\",\"turn:openrelay.metered.ca:443\"],\"username\":\"openrelayproject\",\"credential\":\"openrelaypass\"}]}"
}
17:14:16.504 peerConnectionOptions = {"iceServers":[{"urls":["stun:stun.l.google.com:19302"]},{"urls":["turn:openrelay.metered.ca:80","turn:openrelay.metered.ca:443"],"username":"openrelayproject","credential":"openrelaypass"}]}
17:14:16.506 Redirecting http->https
17:14:16.519 Adding additional routes "/" -> "public_html"
17:14:16.524 Running Cirrus - The Pixel Streaming reference implementation signalling server for Unreal Engine 5.3.
17:14:16.605 WebSocket listening for Streamer connections on :8888
17:14:16.606 WebSocket listening for SFU connections on :8889
17:14:16.606 WebSocket listening for Players connections on :10000
17:14:16.607 Http listening on *: 10000
17:14:16.607 Https listening on *: 443
