12:54:14.194 Config: {
	"UseFrontend": true,
	"UseMatchmaker": false,
	"UseHTTPS": false,
	"HTTPSCertFile": "./certificates/client-cert.pem",
	"HTTPSKeyFile": "./certificates/client-key.pem",
	"LogToFile": true,
	"LogVerbose": true,
	"HomepageFile": "player.html",
	"AdditionalRoutes": {},
	"EnableWebserver": true,
	"MatchmakerAddress": "",
	"MatchmakerPort": 9999,
	"PublicIp": "127.0.0.1",
	"HttpPort": 80,
	"HttpsPort": 443,
	"StreamerPort": 8888,
	"SFUPort": 8889,
	"MaxPlayerCount": -1,
	"DisableSSLCert": true
}
12:54:14.678 No peerConnectionConfig
12:54:14.715 Running Cirrus - The Pixel Streaming reference implementation signalling server for Unreal Engine 5.3.
12:54:14.762 WebSocket listening for Streamer connections on :8888
12:54:14.762 WebSocket listening for SFU connections on :8889
12:54:14.763 WebSocket listening for Players connections on :80
12:54:14.764 Http listening on *: 80
12:54:14.766 Frontend server not running, unable to setup game session
