17:07:34.645 Config: {
	"UseFrontend": true,
	"UseMatchmaker": false,
	"UseHTTPS": false,
	"HTTPSCertFile": "./certificates/client-cert.pem",
	"HTTPSKeyFile": "./certificates/client-key.pem",
	"LogToFile": true,
	"LogVerbose": true,
	"HomepageFile": "player.html",
	"AdditionalRoutes": {},
	"EnableWebserver": true,
	"MatchmakerAddress": "",
	"MatchmakerPort": 9999,
	"PublicIp": "127.0.0.1",
	"HttpPort": 80,
	"HttpsPort": 443,
	"StreamerPort": 8888,
	"SFUPort": 8889,
	"MaxPlayerCount": -1,
	"DisableSSLCert": true
}
17:07:34.826 No peerConnectionConfig
17:07:34.871 Running Cirrus - The Pixel Streaming reference implementation signalling server for Unreal Engine 5.3.
17:07:34.943 WebSocket listening for Streamer connections on :8888
17:07:34.944 WebSocket listening for SFU connections on :8889
17:07:34.945 WebSocket listening for Players connections on :80
17:07:34.946 Http listening on *: 80
17:07:34.949 Frontend server not running, unable to setup game session
