20:38:27.900 Config: {
	"UseFrontend": true,
	"UseMatchmaker": false,
	"UseHTTPS": false,
	"HTTPSCertFile": "./certificates/client-cert.pem",
	"HTTPSKeyFile": "./certificates/client-key.pem",
	"LogToFile": true,
	"LogVerbose": true,
	"HomepageFile": "player.html",
	"AdditionalRoutes": {},
	"EnableWebserver": true,
	"MatchmakerAddress": "",
	"MatchmakerPort": 9999,
	"PublicIp": " 0.0.0.0",
	"HttpPort": 80,
	"HttpsPort": 443,
	"StreamerPort": 8888,
	"SFUPort": 8889,
	"MaxPlayerCount": -1,
	"DisableSSLCert": true
}
20:38:28.033 No peerConnectionConfig
20:38:28.202 Running Cirrus - The Pixel Streaming reference implementation signalling server for Unreal Engine 5.3.
20:38:28.233 WebSocket listening for Streamer connections on :8888
20:38:28.244 WebSocket listening for SFU connections on :8889
20:38:28.248 WebSocket listening for Players connections on :80
20:38:28.254 Http listening on *: 80
20:38:28.283 Frontend server not running, unable to setup game session
