21:40:00.153 Config: {
	"UseFrontend": true,
	"UseMatchmaker": false,
	"UseHTTPS": false,
	"HTTPSCertFile": "./certificates/client-cert.pem",
	"HTTPSKeyFile": "./certificates/client-key.pem",
	"LogToFile": true,
	"LogVerbose": true,
	"HomepageFile": "player.html",
	"AdditionalRoutes": {},
	"EnableWebserver": true,
	"MatchmakerAddress": "",
	"MatchmakerPort": 9999,
	"PublicIp": "192.168.0.101",
	"HttpPort": 80,
	"HttpsPort": 443,
	"StreamerPort": 8888,
	"SFUPort": 8889,
	"MaxPlayerCount": -1,
	"DisableSSLCert": true
}
21:40:00.226 No peerConnectionConfig
21:40:00.357 Running Cirrus - The Pixel Streaming reference implementation signalling server for Unreal Engine 5.3.
21:40:00.390 WebSocket listening for Streamer connections on :8888
21:40:00.394 WebSocket listening for SFU connections on :8889
21:40:00.397 WebSocket listening for Players connections on :80
21:40:00.405 Http listening on *: 80
21:40:00.420 Frontend server not running, unable to setup game session
