13:02:52.530 Config: {
	"UseFrontend": true,
	"UseMatchmaker": false,
	"UseHTTPS": false,
	"HTTPSCertFile": "./certificates/client-cert.pem",
	"HTTPSKeyFile": "./certificates/client-key.pem",
	"LogToFile": true,
	"LogVerbose": true,
	"HomepageFile": "player.html",
	"AdditionalRoutes": {},
	"EnableWebserver": true,
	"MatchmakerAddress": "",
	"MatchmakerPort": 9999,
	"PublicIp": "192.168.15.225",
	"HttpPort": 80,
	"HttpsPort": 443,
	"StreamerPort": 8888,
	"SFUPort": 8889,
	"MaxPlayerCount": -1,
	"DisableSSLCert": true
}
13:02:52.554 No peerConnectionConfig
13:02:52.587 Running Cirrus - The Pixel Streaming reference implementation signalling server for Unreal Engine 5.3.
13:02:52.595 WebSocket listening for Streamer connections on :8888
13:02:52.596 WebSocket listening for SFU connections on :8889
13:02:52.597 WebSocket listening for Players connections on :80
13:02:52.598 Http listening on *: 80
13:02:52.600 Frontend server not running, unable to setup game session
