00:48:49.622 Config: {
	"UseFrontend": true,
	"UseMatchmaker": false,
	"UseHTTPS": false,
	"HTTPSCertFile": "./certificates/client-cert.pem",
	"HTTPSKeyFile": "./certificates/client-key.pem",
	"LogToFile": true,
	"LogVerbose": true,
	"HomepageFile": "player.html",
	"AdditionalRoutes": {},
	"EnableWebserver": true,
	"MatchmakerAddress": "",
	"MatchmakerPort": 9999,
	"PublicIp": "127.0.0.1",
	"HttpPort": 80,
	"HttpsPort": 443,
	"StreamerPort": 8888,
	"SFUPort": 8889,
	"MaxPlayerCount": -1,
	"DisableSSLCert": true
}
00:48:49.712 No peerConnectionConfig
00:48:49.809 Running Cirrus - The Pixel Streaming reference implementation signalling server for Unreal Engine 5.3.
00:48:49.834 WebSocket listening for Streamer connections on :8888
00:48:49.836 WebSocket listening for SFU connections on :8889
00:48:49.837 WebSocket listening for Players connections on :80
00:48:49.840 Http listening on *: 80
00:48:49.850 Frontend server not running, unable to setup game session
