19:03:16.719 Config: {
	"UseFrontend": true,
	"UseMatchmaker": false,
	"UseHTTPS": false,
	"HTTPSCertFile": "./certificates/client-cert.pem",
	"HTTPSKeyFile": "./certificates/client-key.pem",
	"LogToFile": true,
	"LogVerbose": true,
	"HomepageFile": "player.html",
	"AdditionalRoutes": {},
	"EnableWebserver": true,
	"MatchmakerAddress": "",
	"MatchmakerPort": 9999,
	"PublicIp": "0.0.0.0",
	"HttpPort": 80,
	"HttpsPort": 443,
	"StreamerPort": 8888,
	"SFUPort": 8889,
	"MaxPlayerCount": -1,
	"DisableSSLCert": true
}
19:03:16.745 No peerConnectionConfig
19:03:16.781 Running Cirrus - The Pixel Streaming reference implementation signalling server for Unreal Engine 5.3.
19:03:16.790 WebSocket listening for Streamer connections on :8888
19:03:16.790 WebSocket listening for SFU connections on :8889
19:03:16.791 WebSocket listening for Players connections on :80
19:03:16.792 Http listening on *: 80
19:03:16.795 Frontend server not running, unable to setup game session
