21:43:34.924 Config: {
	"UseFrontend": true,
	"UseMatchmaker": false,
	"UseHTTPS": false,
	"HTTPSCertFile": "./certificates/client-cert.pem",
	"HTTPSKeyFile": "./certificates/client-key.pem",
	"LogToFile": true,
	"LogVerbose": true,
	"HomepageFile": "player.html",
	"AdditionalRoutes": {},
	"EnableWebserver": true,
	"MatchmakerAddress": "",
	"MatchmakerPort": 9999,
	"PublicIp": "127.0.0.1",
	"HttpPort": 80,
	"HttpsPort": 443,
	"StreamerPort": 8888,
	"SFUPort": 8889,
	"MaxPlayerCount": -1,
	"DisableSSLCert": true
}
21:43:36.015 No peerConnectionConfig
21:43:36.083 Running Cirrus - The Pixel Streaming reference implementation signalling server for Unreal Engine 5.3.
21:43:36.163 WebSocket listening for Streamer connections on :8888
21:43:36.164 WebSocket listening for SFU connections on :8889
21:43:36.164 WebSocket listening for Players connections on :80
21:43:36.166 Http listening on *: 80
21:43:36.169 Frontend server not running, unable to setup game session
