16:35:12.706 Config: {
	"UseFrontend": false,
	"UseMatchmaker": false,
	"UseHTTPS": true,
	"HTTPSCertFile": "./certificates/client-cert.pem",
	"HTTPSKeyFile": "./certificates/client-key.pem",
	"LogToFile": true,
	"LogVerbose": true,
	"HomepageFile": "public_html/player.html",
	"AdditionalRoutes": {
		"/": "public_html"
	},
	"EnableWebserver": true,
	"MatchmakerAddress": "",
	"MatchmakerPort": 9999,
	"PublicIp": "fl.ngrok.app",
	"HttpPort": 80,
	"HttpsPort": 443,
	"StreamerPort": 8888,
	"SFUPort": 8889,
	"MaxPlayerCount": -1,
	"DisableSSLCert": true,
	"peerConnectionOptions": "{\"iceServers\":[{\"urls\":[\"stun:stun.l.google.com:19302\"]},{\"urls\":[\"turn:openrelay.metered.ca:80\",\"turn:openrelay.metered.ca:443\"],\"username\":\"openrelayproject\",\"credential\":\"openrelaypass\"}]}"
}
16:35:12.752 peerConnectionOptions = {"iceServers":[{"urls":["stun:stun.l.google.com:19302"]},{"urls":["turn:openrelay.metered.ca:80","turn:openrelay.metered.ca:443"],"username":"openrelayproject","credential":"openrelaypass"}]}
16:35:12.753 Redirecting http->https
16:35:12.754 Adding additional routes "/" -> "public_html"
16:35:12.757 Running Cirrus - The Pixel Streaming reference implementation signalling server for Unreal Engine 5.3.
16:35:12.766 WebSocket listening for Streamer connections on :8888
16:35:12.767 WebSocket listening for SFU connections on :8889
16:35:12.767 WebSocket listening for Players connections on :80
16:35:12.768 Http listening on *: 80
16:35:12.768 Https listening on *: 443
