11:46:37.621 Config: {
	"UseFrontend": true,
	"UseMatchmaker": false,
	"UseHTTPS": false,
	"HTTPSCertFile": "./certificates/client-cert.pem",
	"HTTPSKeyFile": "./certificates/client-key.pem",
	"LogToFile": true,
	"LogVerbose": true,
	"HomepageFile": "player.html",
	"AdditionalRoutes": {},
	"EnableWebserver": true,
	"MatchmakerAddress": "",
	"MatchmakerPort": 9999,
	"PublicIp": " 172.18.14.95",
	"HttpPort": 80,
	"HttpsPort": 443,
	"StreamerPort": 8888,
	"SFUPort": 8889,
	"MaxPlayerCount": -1,
	"DisableSSLCert": true
}
11:46:37.710 No peerConnectionConfig
11:46:37.831 Running Cirrus - The Pixel Streaming reference implementation signalling server for Unreal Engine 5.3.
11:46:37.847 WebSocket listening for Streamer connections on :8888
11:46:37.850 WebSocket listening for SFU connections on :8889
11:46:37.852 WebSocket listening for Players connections on :80
11:46:37.857 Http listening on *: 80
11:46:37.865 Frontend server not running, unable to setup game session
