15:47:50.601 Config: {
	"UseFrontend": false,
	"UseMatchmaker": false,
	"UseHTTPS": true,
	"HTTPSCertFile": "./certificates/client-cert.pem",
	"HTTPSKeyFile": "./certificates/client-key.pem",
	"LogToFile": true,
	"LogVerbose": true,
	"HomepageFile": "public_html/player.html",
	"AdditionalRoutes": {
		"/": "public_html"
	},
	"EnableWebserver": true,
	"MatchmakerAddress": "",
	"MatchmakerPort": 9999,
	"PublicIp": "fl.ngrok.app",
	"HttpPort": 80,
	"HttpsPort": 443,
	"StreamerPort": 8888,
	"SFUPort": 8889,
	"MaxPlayerCount": -1,
	"DisableSSLCert": true,
	"peerConnectionOptions": "{\"iceServers\":[{\"urls\":[\"stun:stun.l.google.com:19302\"]},{\"urls\":[\"turn:openrelay.metered.ca:80\",\"turn:openrelay.metered.ca:443\"],\"username\":\"openrelayproject\",\"credential\":\"openrelaypass\"}]}"
}
15:47:50.791 peerConnectionOptions = {"iceServers":[{"urls":["stun:stun.l.google.com:19302"]},{"urls":["turn:openrelay.metered.ca:80","turn:openrelay.metered.ca:443"],"username":"openrelayproject","credential":"openrelaypass"}]}
15:47:50.792 Redirecting http->https
15:47:50.801 Adding additional routes "/" -> "public_html"
15:47:50.803 Running Cirrus - The Pixel Streaming reference implementation signalling server for Unreal Engine 5.3.
15:47:50.866 WebSocket listening for Streamer connections on :8888
15:47:50.868 WebSocket listening for SFU connections on :8889
15:47:50.869 WebSocket listening for Players connections on :80
15:47:50.869 Http listening on *: 80
15:47:50.869 Https listening on *: 443
15:47:50.973 Streamer connected: ::ffff:127.0.0.1
15:47:50.974 [37m::ffff:127.0.0.1 <-[32m "{\"type\":\"config\",\"peerConnectionOptions\":{\"iceServers\":[{\"urls\":[\"stun:stun.l.google.com:19302\"]},{\"urls\":[\"turn:openrelay.metered.ca:80\",\"turn:openrelay.metered.ca:443\"],\"username\":\"openrelayproject\",\"credential\":\"openrelaypass\"}]}}"
15:47:50.975 [37m::ffff:127.0.0.1 <-[32m {"type":"identify"}
15:47:51.071 [37m::ffff:127.0.0.1 ->[34m {"type":"endpointId","id":"DefaultStreamer"}
15:47:51.071 Registered new streamer: DefaultStreamer
15:48:55.713 [37mDefaultStreamer ->[34m {"type":"ping","time":1748335735}
15:49:17.055 streamer DefaultStreamer disconnected: 1000 - 
15:49:17.056 unsubscribing all players on DefaultStreamer
