22:12:40.336 Config: {
	"UseFrontend": true,
	"UseMatchmaker": false,
	"UseHTTPS": false,
	"HTTPSCertFile": "./certificates/client-cert.pem",
	"HTTPSKeyFile": "./certificates/client-key.pem",
	"LogToFile": true,
	"LogVerbose": true,
	"HomepageFile": "player.html",
	"AdditionalRoutes": {},
	"EnableWebserver": true,
	"MatchmakerAddress": "",
	"MatchmakerPort": 9999,
	"PublicIp": "127.0.0.1",
	"HttpPort": 80,
	"HttpsPort": 443,
	"StreamerPort": 8888,
	"SFUPort": 8889,
	"MaxPlayerCount": -1,
	"DisableSSLCert": true
}
22:12:40.547 No peerConnectionConfig
22:12:40.595 Running Cirrus - The Pixel Streaming reference implementation signalling server for Unreal Engine 5.3.
22:12:40.669 WebSocket listening for Streamer connections on :8888
22:12:40.669 WebSocket listening for SFU connections on :8889
22:12:40.670 WebSocket listening for Players connections on :80
22:12:40.671 Http listening on *: 80
22:12:40.673 Frontend server not running, unable to setup game session
